<!DOCTYPE html PUBLIC "-//W3C//DTD XHTML 1.1//EN" "http://www.w3.org/TR/xhtml11/DTD/xhtml11.dtd">
<html xmlns="http://www.w3.org/1999/xhtml"><head><title>TestNG Report</title><style type="text/css">table {margin-bottom:10px;border-collapse:collapse;empty-cells:show}th,td {border:1px solid #009;padding:.25em .5em}th {vertical-align:bottom}td {vertical-align:top}table a {font-weight:bold}.stripe td {background-color: #E6EBF9}.num {text-align:right}.passedodd td {background-color: #3F3}.passedeven td {background-color: #0A0}.skippedodd td {background-color: #DDD}.skippedeven td {background-color: #CCC}.failedodd td,.attn {background-color: #F33}.failedeven td,.stripe .attn {background-color: #D00}.stacktrace {white-space:pre;font-family:monospace}.totop {font-size:85%;text-align:center;border-bottom:2px solid #000}</style></head><body><table><tr><th>Test</th><th># Passed</th><th># Skipped</th><th># Failed</th><th>Time (ms)</th><th>Included Groups</th><th>Excluded Groups</th></tr><tr><th colspan="7">TestSuite</th></tr><tr><td><a href="#t0">PolicyCreationTest</a></td><td class="num">0</td><td class="num">0</td><td class="num attn">3</td><td class="num">55,044</td><td></td><td></td></tr></table><table><thead><tr><th>Class</th><th>Method</th><th>Start</th><th>Time (ms)</th></tr></thead><tbody><tr><th colspan="4">TestSuite</th></tr></tbody><tbody id="t0"><tr><th colspan="4">PolicyCreationTest &#8212; failed</th></tr><tr class="failedeven"><td rowspan="3">com.policy.multiplepolicycreation.PolicyTestNGTest</td><td><a href="#m0">multipleInfo</a></td><td rowspan="3">1497841210091</td><td rowspan="3">6156</td></tr><tr class="failedeven"><td><a href="#m1">multipleInfo</a></td></tr><tr class="failedeven"><td><a href="#m2">multipleInfo</a></td></tr></tbody></table><h2>PolicyCreationTest</h2><h3 id="m0">com.policy.multiplepolicycreation.PolicyTestNGTest#multipleInfo</h3><table class="result"><tr class="param"><th>Parameter #1</th><th>Parameter #2</th><th>Parameter #3</th><th>Parameter #4</th><th>Parameter #5</th><th>Parameter #6</th><th>Parameter #7</th><th>Parameter #8</th><th>Parameter #9</th><th>Parameter #10</th><th>Parameter #11</th><th>Parameter #12</th><th>Parameter #13</th><th>Parameter #14</th><th>Parameter #15</th><th>Parameter #16</th><th>Parameter #17</th><th>Parameter #18</th><th>Parameter #19</th><th>Parameter #20</th><th>Parameter #21</th><th>Parameter #22</th><th>Parameter #23</th><th>Parameter #24</th><th>Parameter #25</th><th>Parameter #26</th><th>Parameter #27</th><th>Parameter #28</th><th>Parameter #29</th><th>Parameter #30</th><th>Parameter #31</th><th>Parameter #32</th><th>Parameter #33</th><th>Parameter #34</th><th>Parameter #35</th><th>Parameter #36</th><th>Parameter #37</th><th>Parameter #38</th><th>Parameter #39</th><th>Parameter #40</th><th>Parameter #41</th><th>Parameter #42</th><th>Parameter #43</th><th>Parameter #44</th><th>Parameter #45</th><th>Parameter #46</th><th>Parameter #47</th><th>Parameter #48</th><th>Parameter #49</th><th>Parameter #50</th><th>Parameter #51</th><th>Parameter #52</th><th>Parameter #53</th><th>Parameter #54</th><th>Parameter #55</th><th>Parameter #56</th><th>Parameter #57</th><th>Parameter #58</th><th>Parameter #59</th><th>Parameter #60</th></tr><tr class="param stripe"><td>Illinois</td><td>897404</td><td>as*</td><td>5/30/17</td><td>TestoneDD</td><td>TestLastDD</td><td>1902 E COLLEGE AVE</td><td>Customer won&apos;t provide</td><td>61761-4577</td><td>NORMAL</td><td>Illinois</td><td>11/2/67</td><td>Yes</td><td>Move to New State - Existing Safeco auto policy</td><td>No</td><td>No</td><td>TestoneDD</td><td>TestLastDD</td><td>11/2/67</td><td>Male</td><td>Single</td><td>Customer won&apos;t provide</td><td>Washington</td><td>25</td><td>No</td><td>Accountant/Auditor</td><td>Masters Degree</td><td>No</td><td>Yes</td><td>1N4BL2EP7BC119382</td><td>Business Use</td><td>1500</td><td>4</td><td>Currently Insured</td><td>Safeco</td><td>1/1/18</td><td>No Liability</td><td>24</td><td>waive</td><td>4/1/16</td><td>Rented Apartment</td><td>6</td><td>Enhanced</td><td></td><td></td><td>50/100</td><td>50</td><td>50/100</td><td>TBHNSVH345679</td><td>Waive - Prior or Current Safeco Customer</td><td>Waive - Prior or Current Safeco Customer</td><td>TestoneDD</td><td>TestLastDD</td><td>071904779</td><td>1112223344445550</td><td>897</td><td>123</td><td>8734</td><td>test3@test.com</td><td>test3@test.com</td></tr><tr><th colspan="60">Messages</th></tr><tr><td colspan="60"><div class="messages">after invocation - completed executing the method : PolicyTestNGTest.multipleInfo<br/>test class: com.policy.multiplepolicycreation.PolicyTestNGTest<br/>testStatus: Failed<br/>before invocation - about to execute the method : PolicyTestNGTest.getScreenshots</div></td></tr><tr><th colspan="60">Exception</th></tr><tr><td colspan="60"><div class="stacktrace">org.openqa.selenium.NoSuchElementException: Unable to find element with id == cadd (WARNING: The server did not provide any stacktrace information)
Command duration or timeout: 6.15 seconds
For documentation on this error, please visit: http://seleniumhq.org/exceptions/no_such_element.html
Build info: version: &apos;3.0.0&apos;, revision: &apos;350cf60&apos;, time: &apos;2016-10-13 10:48:57 -0700&apos;
System info: host: &apos;VDDR03P-25C14BA&apos;, ip: &apos;10.172.169.53&apos;, os.name: &apos;Windows 7&apos;, os.arch: &apos;x86&apos;, os.version: &apos;6.1&apos;, java.version: &apos;1.8.0_101&apos;
Driver info: org.openqa.selenium.ie.InternetExplorerDriver
Capabilities [{browserAttachTimeout=0, ie.enableFullPageScreenshot=true, enablePersistentHover=false, ie.forceCreateProcessApi=false, ie.forceShellWindowsApi=false, pageLoadStrategy=normal, ignoreZoomSetting=true, ie.fileUploadDialogTimeout=3000, version=11, platform=WINDOWS, nativeEvents=false, ie.ensureCleanSession=true, elementScrollBehavior=0, ie.browserCommandLineSwitches=, requireWindowFocus=false, browserName=internet explorer, initialBrowserUrl=http://localhost:24403/, javascriptEnabled=true, ignoreProtectedModeSettings=false, enableElementCacheCleanup=true, unexpectedAlertBehaviour=dismiss}]
Session ID: 4cb500d7-7662-49d7-b2f3-20189892f894
*** Element info: {Using=id, value=cadd}
	at org.openqa.selenium.remote.ErrorHandler.createThrowable(ErrorHandler.java:216)
	at org.openqa.selenium.remote.ErrorHandler.throwIfResponseFailed(ErrorHandler.java:168)
	at org.openqa.selenium.remote.RemoteWebDriver.execute(RemoteWebDriver.java:635)
	at org.openqa.selenium.remote.RemoteWebDriver.findElement(RemoteWebDriver.java:368)
	at org.openqa.selenium.remote.RemoteWebDriver.findElementById(RemoteWebDriver.java:417)
	at org.openqa.selenium.By$ById.findElement(By.java:218)
	at org.openqa.selenium.remote.RemoteWebDriver.findElement(RemoteWebDriver.java:360)
	at supporting.classes.GenericMethods.getElement(GenericMethods.java:21)
	at com.policy.multiplepolicycreation.PolicyTestNGTest.multipleInfo(PolicyTestNGTest.java:229)
... Removed 28 stack frames</div></td></tr></table><p class="totop"><a href="#summary">back to summary</a></p><h3 id="m1">com.policy.multiplepolicycreation.PolicyTestNGTest#multipleInfo</h3><table class="result"><tr class="param"><th>Parameter #1</th><th>Parameter #2</th><th>Parameter #3</th><th>Parameter #4</th><th>Parameter #5</th><th>Parameter #6</th><th>Parameter #7</th><th>Parameter #8</th><th>Parameter #9</th><th>Parameter #10</th><th>Parameter #11</th><th>Parameter #12</th><th>Parameter #13</th><th>Parameter #14</th><th>Parameter #15</th><th>Parameter #16</th><th>Parameter #17</th><th>Parameter #18</th><th>Parameter #19</th><th>Parameter #20</th><th>Parameter #21</th><th>Parameter #22</th><th>Parameter #23</th><th>Parameter #24</th><th>Parameter #25</th><th>Parameter #26</th><th>Parameter #27</th><th>Parameter #28</th><th>Parameter #29</th><th>Parameter #30</th><th>Parameter #31</th><th>Parameter #32</th><th>Parameter #33</th><th>Parameter #34</th><th>Parameter #35</th><th>Parameter #36</th><th>Parameter #37</th><th>Parameter #38</th><th>Parameter #39</th><th>Parameter #40</th><th>Parameter #41</th><th>Parameter #42</th><th>Parameter #43</th><th>Parameter #44</th><th>Parameter #45</th><th>Parameter #46</th><th>Parameter #47</th><th>Parameter #48</th><th>Parameter #49</th><th>Parameter #50</th><th>Parameter #51</th><th>Parameter #52</th><th>Parameter #53</th><th>Parameter #54</th><th>Parameter #55</th><th>Parameter #56</th><th>Parameter #57</th><th>Parameter #58</th><th>Parameter #59</th><th>Parameter #60</th></tr><tr class="param stripe"><td>Illinois</td><td>897404</td><td>as*</td><td>5/30/17</td><td>TesttwoEE</td><td>TestLastEE</td><td>1901 E COLLEGE AVE</td><td>Customer won&apos;t provide</td><td>61761-4577</td><td>NORMAL</td><td>Illinois</td><td>1/4/68</td><td>Yes</td><td>Move to New State - Existing Safeco auto policy</td><td>No</td><td>No</td><td>TesttwoEE</td><td>TestLastEE</td><td>1/4/68</td><td>Female</td><td>Married</td><td>Customer won&apos;t provide</td><td>Washington</td><td>27</td><td>No</td><td>Accountant/Auditor</td><td>Masters Degree</td><td>No</td><td>Yes</td><td>2MEFM74W1YX686536</td><td>Business Use</td><td>500</td><td>2</td><td>Currently Insured</td><td>Safeco</td><td>1/1/18</td><td>No Liability</td><td>24</td><td>waive</td><td>4/1/16</td><td>Rented Apartment</td><td>6</td><td>Enhanced</td><td></td><td></td><td>50/100</td><td>50</td><td>50/100</td><td>TBHNSVH345680</td><td>Waive - Prior or Current Safeco Customer</td><td>Waive - Prior or Current Safeco Customer</td><td>TesttwoEE</td><td>TestLastEE</td><td>071904779</td><td>1112223344445550</td><td>345</td><td>342</td><td>1112</td><td>test2@test.com</td><td>test2@test.com</td></tr><tr><th colspan="60">Messages</th></tr><tr><td colspan="60"><div class="messages">after invocation - completed executing the method : PolicyTestNGTest.multipleInfo<br/>test class: com.policy.multiplepolicycreation.PolicyTestNGTest<br/>testStatus: Failed<br/>before invocation - about to execute the method : PolicyTestNGTest.getScreenshots</div></td></tr><tr><th colspan="60">Exception</th></tr><tr><td colspan="60"><div class="stacktrace">org.openqa.selenium.NoSuchElementException: Unable to find element with id == cadd (WARNING: The server did not provide any stacktrace information)
Command duration or timeout: 6.21 seconds
For documentation on this error, please visit: http://seleniumhq.org/exceptions/no_such_element.html
Build info: version: &apos;3.0.0&apos;, revision: &apos;350cf60&apos;, time: &apos;2016-10-13 10:48:57 -0700&apos;
System info: host: &apos;VDDR03P-25C14BA&apos;, ip: &apos;10.172.169.53&apos;, os.name: &apos;Windows 7&apos;, os.arch: &apos;x86&apos;, os.version: &apos;6.1&apos;, java.version: &apos;1.8.0_101&apos;
Driver info: org.openqa.selenium.ie.InternetExplorerDriver
Capabilities [{browserAttachTimeout=0, ie.enableFullPageScreenshot=true, enablePersistentHover=false, ie.forceCreateProcessApi=false, ie.forceShellWindowsApi=false, pageLoadStrategy=normal, ignoreZoomSetting=true, ie.fileUploadDialogTimeout=3000, version=11, platform=WINDOWS, nativeEvents=false, ie.ensureCleanSession=true, elementScrollBehavior=0, ie.browserCommandLineSwitches=, requireWindowFocus=false, browserName=internet explorer, initialBrowserUrl=http://localhost:24403/, javascriptEnabled=true, ignoreProtectedModeSettings=false, enableElementCacheCleanup=true, unexpectedAlertBehaviour=dismiss}]
Session ID: 4cb500d7-7662-49d7-b2f3-20189892f894
*** Element info: {Using=id, value=cadd}
	at org.openqa.selenium.remote.ErrorHandler.createThrowable(ErrorHandler.java:216)
	at org.openqa.selenium.remote.ErrorHandler.throwIfResponseFailed(ErrorHandler.java:168)
	at org.openqa.selenium.remote.RemoteWebDriver.execute(RemoteWebDriver.java:635)
	at org.openqa.selenium.remote.RemoteWebDriver.findElement(RemoteWebDriver.java:368)
	at org.openqa.selenium.remote.RemoteWebDriver.findElementById(RemoteWebDriver.java:417)
	at org.openqa.selenium.By$ById.findElement(By.java:218)
	at org.openqa.selenium.remote.RemoteWebDriver.findElement(RemoteWebDriver.java:360)
	at supporting.classes.GenericMethods.getElement(GenericMethods.java:21)
	at com.policy.multiplepolicycreation.PolicyTestNGTest.multipleInfo(PolicyTestNGTest.java:229)
... Removed 28 stack frames</div></td></tr></table><p class="totop"><a href="#summary">back to summary</a></p><h3 id="m2">com.policy.multiplepolicycreation.PolicyTestNGTest#multipleInfo</h3><table class="result"><tr class="param"><th>Parameter #1</th><th>Parameter #2</th><th>Parameter #3</th><th>Parameter #4</th><th>Parameter #5</th><th>Parameter #6</th><th>Parameter #7</th><th>Parameter #8</th><th>Parameter #9</th><th>Parameter #10</th><th>Parameter #11</th><th>Parameter #12</th><th>Parameter #13</th><th>Parameter #14</th><th>Parameter #15</th><th>Parameter #16</th><th>Parameter #17</th><th>Parameter #18</th><th>Parameter #19</th><th>Parameter #20</th><th>Parameter #21</th><th>Parameter #22</th><th>Parameter #23</th><th>Parameter #24</th><th>Parameter #25</th><th>Parameter #26</th><th>Parameter #27</th><th>Parameter #28</th><th>Parameter #29</th><th>Parameter #30</th><th>Parameter #31</th><th>Parameter #32</th><th>Parameter #33</th><th>Parameter #34</th><th>Parameter #35</th><th>Parameter #36</th><th>Parameter #37</th><th>Parameter #38</th><th>Parameter #39</th><th>Parameter #40</th><th>Parameter #41</th><th>Parameter #42</th><th>Parameter #43</th><th>Parameter #44</th><th>Parameter #45</th><th>Parameter #46</th><th>Parameter #47</th><th>Parameter #48</th><th>Parameter #49</th><th>Parameter #50</th><th>Parameter #51</th><th>Parameter #52</th><th>Parameter #53</th><th>Parameter #54</th><th>Parameter #55</th><th>Parameter #56</th><th>Parameter #57</th><th>Parameter #58</th><th>Parameter #59</th><th>Parameter #60</th></tr><tr class="param stripe"><td>Illinois</td><td>897404</td><td>as*</td><td>5/30/17</td><td>TestoneEE</td><td>TestLastEE</td><td>1900 E COLLEGE AVE</td><td>Customer won&apos;t provide</td><td>61761-4577</td><td>NORMAL</td><td>Illinois</td><td>6/2/70</td><td>Yes</td><td>Move to New State - Existing Safeco auto policy</td><td>No</td><td>No</td><td>TestoneEE</td><td>TestLastEE</td><td>6/2/70</td><td>Male</td><td>Single</td><td>Customer won&apos;t provide</td><td>Washington</td><td>25</td><td>No</td><td>Accountant/Auditor</td><td>Masters Degree</td><td>No</td><td>Yes</td><td>1N4BL2EP7BC119382</td><td>Business Use</td><td>1500</td><td>4</td><td>Currently Insured</td><td>Safeco</td><td>1/1/18</td><td>No Liability</td><td>24</td><td>waive</td><td>4/1/16</td><td>Rented Apartment</td><td>6</td><td>Enhanced</td><td></td><td></td><td>50/100</td><td>50</td><td>50/100</td><td>TBHNSVH345678</td><td>Waive - Prior or Current Safeco Customer</td><td>Waive - Prior or Current Safeco Customer</td><td>TestoneEE</td><td>TestLastEE</td><td>071904779</td><td>1112223344445550</td><td>234</td><td>324</td><td>3244</td><td>test@test.com</td><td>test@test.com</td></tr><tr><th colspan="60">Messages</th></tr><tr><td colspan="60"><div class="messages">after invocation - completed executing the method : PolicyTestNGTest.multipleInfo<br/>test class: com.policy.multiplepolicycreation.PolicyTestNGTest<br/>testStatus: Failed<br/>before invocation - about to execute the method : PolicyTestNGTest.getScreenshots</div></td></tr><tr><th colspan="60">Exception</th></tr><tr><td colspan="60"><div class="stacktrace">org.openqa.selenium.TimeoutException: Expected condition failed: waiting for visibility of element located by By.xpath: //input[@id=&apos;PolicyDriverPersonFirstName&apos;] (tried for 3 second(s) with 500 MILLISECONDS interval)
Build info: version: &apos;3.0.0&apos;, revision: &apos;350cf60&apos;, time: &apos;2016-10-13 10:48:57 -0700&apos;
System info: host: &apos;VDDR03P-25C14BA&apos;, ip: &apos;10.172.169.53&apos;, os.name: &apos;Windows 7&apos;, os.arch: &apos;x86&apos;, os.version: &apos;6.1&apos;, java.version: &apos;1.8.0_101&apos;
Driver info: org.openqa.selenium.ie.InternetExplorerDriver
Capabilities [{browserAttachTimeout=0, ie.enableFullPageScreenshot=true, enablePersistentHover=false, ie.forceCreateProcessApi=false, ie.forceShellWindowsApi=false, pageLoadStrategy=normal, ignoreZoomSetting=true, ie.fileUploadDialogTimeout=3000, version=11, platform=WINDOWS, nativeEvents=false, ie.ensureCleanSession=true, elementScrollBehavior=0, ie.browserCommandLineSwitches=, requireWindowFocus=false, browserName=internet explorer, initialBrowserUrl=http://localhost:24403/, javascriptEnabled=true, ignoreProtectedModeSettings=false, enableElementCacheCleanup=true, unexpectedAlertBehaviour=dismiss}]
Session ID: 4cb500d7-7662-49d7-b2f3-20189892f894
	at org.openqa.selenium.support.ui.WebDriverWait.timeoutException(WebDriverWait.java:80)
	at org.openqa.selenium.support.ui.FluentWait.until(FluentWait.java:265)
	at supporting.classes.WaitTypes.locateElement(WaitTypes.java:24)
	at com.policy.multiplepolicycreation.PolicyTestNGTest.multipleInfo(PolicyTestNGTest.java:307)
Caused by: org.openqa.selenium.NoSuchElementException: Unable to find element with xpath == //input[@id=&apos;PolicyDriverPersonFirstName&apos;] (WARNING: The server did not provide any stacktrace information)
Command duration or timeout: 6.28 seconds
For documentation on this error, please visit: http://seleniumhq.org/exceptions/no_such_element.html
Build info: version: &apos;3.0.0&apos;, revision: &apos;350cf60&apos;, time: &apos;2016-10-13 10:48:57 -0700&apos;
System info: host: &apos;VDDR03P-25C14BA&apos;, ip: &apos;10.172.169.53&apos;, os.name: &apos;Windows 7&apos;, os.arch: &apos;x86&apos;, os.version: &apos;6.1&apos;, java.version: &apos;1.8.0_101&apos;
Driver info: org.openqa.selenium.ie.InternetExplorerDriver
Capabilities [{browserAttachTimeout=0, ie.enableFullPageScreenshot=true, enablePersistentHover=false, ie.forceCreateProcessApi=false, ie.forceShellWindowsApi=false, pageLoadStrategy=normal, ignoreZoomSetting=true, ie.fileUploadDialogTimeout=3000, version=11, platform=WINDOWS, nativeEvents=false, ie.ensureCleanSession=true, elementScrollBehavior=0, ie.browserCommandLineSwitches=, requireWindowFocus=false, browserName=internet explorer, initialBrowserUrl=http://localhost:24403/, javascriptEnabled=true, ignoreProtectedModeSettings=false, enableElementCacheCleanup=true, unexpectedAlertBehaviour=dismiss}]
Session ID: 4cb500d7-7662-49d7-b2f3-20189892f894
*** Element info: {Using=xpath, value=//input[@id=&apos;PolicyDriverPersonFirstName&apos;]}
	at org.openqa.selenium.remote.ErrorHandler.createThrowable(ErrorHandler.java:216)
	at org.openqa.selenium.remote.ErrorHandler.throwIfResponseFailed(ErrorHandler.java:168)
	at org.openqa.selenium.remote.RemoteWebDriver.execute(RemoteWebDriver.java:635)
	at org.openqa.selenium.remote.RemoteWebDriver.findElement(RemoteWebDriver.java:368)
	at org.openqa.selenium.remote.RemoteWebDriver.findElementByXPath(RemoteWebDriver.java:473)
	at org.openqa.selenium.By$ByXPath.findElement(By.java:361)
	at org.openqa.selenium.remote.RemoteWebDriver.findElement(RemoteWebDriver.java:360)
	at org.openqa.selenium.support.ui.ExpectedConditions.findElement(ExpectedConditions.java:895)
	at org.openqa.selenium.support.ui.ExpectedConditions.access$000(ExpectedConditions.java:41)
	at org.openqa.selenium.support.ui.ExpectedConditions$7.apply(ExpectedConditions.java:205)
	at org.openqa.selenium.support.ui.ExpectedConditions$7.apply(ExpectedConditions.java:201)
	at org.openqa.selenium.support.ui.FluentWait.until(FluentWait.java:238)
	... 26 more
... Removed 28 stack frames</div></td></tr></table><p class="totop"><a href="#summary">back to summary</a></p></body></html>